<?xml version="1.0" encoding="UTF-8"?>
<testsuite name="com.restfulbooker.booker.cucumber.CucumberRunner" time="0.376" tests="44" errors="0" skipped="0" failures="0">
  <properties>
[...]
</properties>
  <testcase name="Given RestfulBooker application is running" classname="Scenario: As a user I am creating authorization token" time="0"/>
  <testcase name="When I enter username &quot;admin&quot; and password &quot;password123&quot;" classname="Scenario: As a user I am creating authorization token" time="0"/>
  <testcase name="Then I get authorization token" classname="Scenario: As a user I am creating authorization token" time="0"/>
  <testcase name="Scenario: As a user I am creating authorization token" classname="Scenario: As a user I am creating authorization token" time="0.197"/>
  <testcase name="When When I create a new booking by providing the information firstName &quot;Hari&quot; lastName &quot;Aum&quot; totalprice &quot;199&quot; depositpaid &quot;99&quot; checkin &quot;2022-01-16&quot;checkout &quot;2022-03-13&quot;additionalneeds &quot;Breakfast&quot;" classname="| Hari | Aum | 199 | 99 | 2022-01-16 | 2022-03-13 | Breakfast |" time="0"/>
  <testcase name="Then I verify that Booking with bookingId is created" classname="| Hari | Aum | 199 | 99 | 2022-01-16 | 2022-03-13 | Breakfast |" time="0"/>
  <testcase name="| Hari | Aum | 199 | 99 | 2022-01-16 | 2022-03-13 | Breakfast |" classname="| Hari | Aum | 199 | 99 | 2022-01-16 | 2022-03-13 | Breakfast |" time="0"/>
  <testcase name="When When I create a new booking by providing the information firstName &quot;Radha&quot; lastName &quot;Krishana&quot; totalprice &quot;299&quot; depositpaid &quot;99&quot; checkin &quot;2022-03-10&quot;checkout &quot;2022-06-19&quot;additionalneeds &quot;Breakfast&quot;" classname="| Radha | Krishana | 299 | 99 | 2022-03-10 | 2022-06-19 | Breakfast |" time="0"/>
  <testcase name="Then I verify that Booking with bookingId is created" classname="| Radha | Krishana | 299 | 99 | 2022-03-10 | 2022-06-19 | Breakfast |" time="0"/>
  <testcase name="| Radha | Krishana | 299 | 99 | 2022-03-10 | 2022-06-19 | Breakfast |" classname="| Radha | Krishana | 299 | 99 | 2022-03-10 | 2022-06-19 | Breakfast |" time="0"/>
  <testcase name="When When I create a new booking by providing the information firstName &quot;Krishana&quot; lastName &quot;Balram&quot; totalprice &quot;99&quot; depositpaid &quot;99&quot; checkin &quot;2022-04-25&quot;checkout &quot;2022-06-28&quot;additionalneeds &quot;Dinner&quot;" classname="| Krishana | Balram | 99 | 99 | 2022-04-25 | 2022-06-28 | Dinner |" time="0"/>
  <testcase name="Then I verify that Booking with bookingId is created" classname="| Krishana | Balram | 99 | 99 | 2022-04-25 | 2022-06-28 | Dinner |" time="0"/>
  <testcase name="| Krishana | Balram | 99 | 99 | 2022-04-25 | 2022-06-28 | Dinner |" classname="| Krishana | Balram | 99 | 99 | 2022-04-25 | 2022-06-28 | Dinner |" time="0.004"/>
  <testcase name="When When I create a new booking by providing the information firstName &quot;Jalaram&quot; lastName &quot;Bapa&quot; totalprice &quot;399&quot; depositpaid &quot;99&quot; checkin &quot;2022-03-22&quot;checkout &quot;2022-03-25&quot;additionalneeds &quot;Dinner&quot;" classname="| Jalaram | Bapa | 399 | 99 | 2022-03-22 | 2022-03-25 | Dinner |" time="0"/>
  <testcase name="Then I verify that Booking with bookingId is created" classname="| Jalaram | Bapa | 399 | 99 | 2022-03-22 | 2022-03-25 | Dinner |" time="0"/>
  <testcase name="| Jalaram | Bapa | 399 | 99 | 2022-03-22 | 2022-03-25 | Dinner |" classname="| Jalaram | Bapa | 399 | 99 | 2022-03-22 | 2022-03-25 | Dinner |" time="0"/>
  <testcase name="When When I create a new booking by providing the information firstName &quot;Hanuman&quot; lastName &quot;ShreeRam&quot; totalprice &quot;499&quot; depositpaid &quot;99&quot; checkin &quot;2022-05-14&quot;checkout &quot;2022-04-07&quot;additionalneeds &quot;Mainmeal&quot;" classname="| Hanuman | ShreeRam | 499 | 99 | 2022-05-14 | 2022-04-07 | Mainmeal |" time="0"/>
  <testcase name="Then I verify that Booking with bookingId is created" classname="| Hanuman | ShreeRam | 499 | 99 | 2022-05-14 | 2022-04-07 | Mainmeal |" time="0"/>
  <testcase name="| Hanuman | ShreeRam | 499 | 99 | 2022-05-14 | 2022-04-07 | Mainmeal |" classname="| Hanuman | ShreeRam | 499 | 99 | 2022-05-14 | 2022-04-07 | Mainmeal |" time="0.023"/>
  <testcase name="When I update a booking with firstName &quot;Hanuman1&quot; lastName &quot;ShreeRam&quot; totalPrice &quot;499&quot; depositPaid &quot;99&quot; checkIn &quot;2022-05-14&quot; checkOut &quot;2022-04-07&quot; additionalNeeds &quot;Mainmeal&quot;" classname="| Hanuman1 | ShreeRam | 499 | 99 | 2022-05-14 | 2022-04-07 | Mainmeal | 200 |" time="0"/>
  <testcase name="Then I verify the response has &quot;200&quot; status code" classname="| Hanuman1 | ShreeRam | 499 | 99 | 2022-05-14 | 2022-04-07 | Mainmeal | 200 |" time="0"/>
  <testcase name="| Hanuman1 | ShreeRam | 499 | 99 | 2022-05-14 | 2022-04-07 | Mainmeal | 200 |" classname="| Hanuman1 | ShreeRam | 499 | 99 | 2022-05-14 | 2022-04-07 | Mainmeal | 200 |" time="0.029"/>
  <testcase name="When I update partial booking with firstName &quot;Hanuman&quot; lastName &quot;ShreeRam1&quot; totalPrice &quot;499&quot; depositPaid &quot;99&quot; checkIn &quot;2022-05-14&quot; checkOut &quot;2022-04-07&quot; additionalNeeds &quot;Mainmeal&quot;" classname="| Hanuman | ShreeRam1 | 499 | 99 | 2022-05-14 | 2022-04-07 | Mainmeal | 200 |" time="0"/>
  <testcase name="Then I verify the response has &quot;200&quot; status code" classname="| Hanuman | ShreeRam1 | 499 | 99 | 2022-05-14 | 2022-04-07 | Mainmeal | 200 |" time="0"/>
  <testcase name="| Hanuman | ShreeRam1 | 499 | 99 | 2022-05-14 | 2022-04-07 | Mainmeal | 200 |" classname="| Hanuman | ShreeRam1 | 499 | 99 | 2022-05-14 | 2022-04-07 | Mainmeal | 200 |" time="0.029"/>
  <testcase name="When I delete the booking with bookingId" classname="| Shankar | Parvati | 999 | 899 | 2022-05-14 | 2022-04-07 | Mainmeal | 200 |" time="0"/>
  <testcase name="Then I verify the response has &quot;200&quot; status code" classname="| Shankar | Parvati | 999 | 899 | 2022-05-14 | 2022-04-07 | Mainmeal | 200 |" time="0"/>
  <testcase name="| Shankar | Parvati | 999 | 899 | 2022-05-14 | 2022-04-07 | Mainmeal | 200 |" classname="| Shankar | Parvati | 999 | 899 | 2022-05-14 | 2022-04-07 | Mainmeal | 200 |" time="0.031"/>
  <testcase name="Given RestfulBooker application is running" classname="| Shankar | Parvati | 499 | 100 | 2022-01-16 | 2022-03-13 | Breakfast |" time="0"/>
  <testcase name="When When I create a new booking by providing the information firstName &quot;Shankar&quot; lastName &quot;Parvati&quot; totalprice &quot;499&quot; depositpaid &quot;100&quot; checkin &quot;2022-01-16&quot;checkout &quot;2022-03-13&quot;additionalneeds &quot;Breakfast&quot;" classname="| Shankar | Parvati | 499 | 100 | 2022-01-16 | 2022-03-13 | Breakfast |" time="0"/>
  <testcase name="Then I verify that Booking with bookingId is created" classname="| Shankar | Parvati | 499 | 100 | 2022-01-16 | 2022-03-13 | Breakfast |" time="0"/>
  <testcase name="And I update a booking with firstName &quot;Shankar&quot; lastName &quot;Parvati&quot; totalPrice &quot;499&quot; depositPaid &quot;100&quot; checkIn &quot;2022-01-16&quot; checkOut &quot;2022-03-13&quot; additionalNeeds &quot;Breakfast&quot;" classname="| Shankar | Parvati | 499 | 100 | 2022-01-16 | 2022-03-13 | Breakfast |" time="0"/>
  <testcase name="And I update partial booking with firstName &quot;Shankar&quot; lastName &quot;Parvati&quot; totalPrice &quot;499&quot; depositPaid &quot;100&quot; checkIn &quot;2022-01-16&quot; checkOut &quot;2022-03-13&quot; additionalNeeds &quot;Breakfast&quot;" classname="| Shankar | Parvati | 499 | 100 | 2022-01-16 | 2022-03-13 | Breakfast |" time="0"/>
  <testcase name="And I delete the booking with bookingId" classname="| Shankar | Parvati | 499 | 100 | 2022-01-16 | 2022-03-13 | Breakfast |" time="0"/>
  <testcase name="Then I verify the response has &quot;&lt;code&gt;&quot; status code" classname="| Shankar | Parvati | 499 | 100 | 2022-01-16 | 2022-03-13 | Breakfast |" time="0"/>
  <testcase name="| Shankar | Parvati | 499 | 100 | 2022-01-16 | 2022-03-13 | Breakfast |" classname="| Shankar | Parvati | 499 | 100 | 2022-01-16 | 2022-03-13 | Breakfast |" time="0.001"/>
  <testcase name="Given RestfulBooker application is running" classname="| Radha | Krishana | 299 | 100 | 2022-03-10 | 2022-06-19 | Breakfast |" time="0"/>
  <testcase name="When When I create a new booking by providing the information firstName &quot;Radha&quot; lastName &quot;Krishana&quot; totalprice &quot;299&quot; depositpaid &quot;100&quot; checkin &quot;2022-03-10&quot;checkout &quot;2022-06-19&quot;additionalneeds &quot;Breakfast&quot;" classname="| Radha | Krishana | 299 | 100 | 2022-03-10 | 2022-06-19 | Breakfast |" time="0"/>
  <testcase name="Then I verify that Booking with bookingId is created" classname="| Radha | Krishana | 299 | 100 | 2022-03-10 | 2022-06-19 | Breakfast |" time="0"/>
  <testcase name="And I update a booking with firstName &quot;Radha&quot; lastName &quot;Krishana&quot; totalPrice &quot;299&quot; depositPaid &quot;100&quot; checkIn &quot;2022-03-10&quot; checkOut &quot;2022-06-19&quot; additionalNeeds &quot;Breakfast&quot;" classname="| Radha | Krishana | 299 | 100 | 2022-03-10 | 2022-06-19 | Breakfast |" time="0"/>
  <testcase name="And I update partial booking with firstName &quot;Radha&quot; lastName &quot;Krishana&quot; totalPrice &quot;299&quot; depositPaid &quot;100&quot; checkIn &quot;2022-03-10&quot; checkOut &quot;2022-06-19&quot; additionalNeeds &quot;Breakfast&quot;" classname="| Radha | Krishana | 299 | 100 | 2022-03-10 | 2022-06-19 | Breakfast |" time="0"/>
  <testcase name="And I delete the booking with bookingId" classname="| Radha | Krishana | 299 | 100 | 2022-03-10 | 2022-06-19 | Breakfast |" time="0"/>
  <testcase name="Then I verify the response has &quot;&lt;code&gt;&quot; status code" classname="| Radha | Krishana | 299 | 100 | 2022-03-10 | 2022-06-19 | Breakfast |" time="0"/>
  <testcase name="| Radha | Krishana | 299 | 100 | 2022-03-10 | 2022-06-19 | Breakfast |" classname="| Radha | Krishana | 299 | 100 | 2022-03-10 | 2022-06-19 | Breakfast |" time="0.062"/>
</testsuite>