<?xml version="1.0" encoding="UTF-8"?><testsuite errors="0" failures="0" name="com.restfulbooker.booker.bookininfo.BookingCURDTest" skipped="0" tests="5" time="8.98" timestamp="2023-01-10T20:35:41.442Z[Europe/London]"><testcase classname="com.restfulbooker.booker.bookininfo.BookingCURDTest" name="Create a new booking"/><testcase classname="com.restfulbooker.booker.bookininfo.BookingCURDTest" name="Get the booking"/><testcase classname="com.restfulbooker.booker.bookininfo.BookingCURDTest" name="Update the booking"/><testcase classname="com.restfulbooker.booker.bookininfo.BookingCURDTest" name="Update the partial booking"/><testcase classname="com.restfulbooker.booker.bookininfo.BookingCURDTest" name="Delete the booking"/></testsuite>